update-alternatives 2014-10-15 07:57:09: run with --quiet --install /usr/bin/awk awk /usr/bin/mawk 5 --slave /usr/share/man/man1/awk.1.gz awk.1.gz /usr/share/man/man1/mawk.1.gz --slave /usr/bin/nawk nawk /usr/bin/mawk --slave /usr/share/man/man1/nawk.1.gz nawk.1.gz /usr/share/man/man1/mawk.1.gz
update-alternatives 2014-10-15 07:57:09: link group awk updated to point to /usr/bin/mawk
update-alternatives 2014-10-15 07:57:15: run with --install /usr/sbin/rmt rmt /usr/sbin/rmt-tar 50 --slave /usr/share/man/man8/rmt.8.gz rmt.8.gz /usr/share/man/man8/rmt-tar.8.gz
update-alternatives 2014-10-15 07:57:15: link group rmt updated to point to /usr/sbin/rmt-tar
update-alternatives 2014-10-15 07:57:15: run with --quiet --install /usr/bin/awk awk /usr/bin/mawk 5 --slave /usr/share/man/man1/awk.1.gz awk.1.gz /usr/share/man/man1/mawk.1.gz --slave /usr/bin/nawk nawk /usr/bin/mawk --slave /usr/share/man/man1/nawk.1.gz nawk.1.gz /usr/share/man/man1/mawk.1.gz
update-alternatives 2014-10-15 07:57:17: run with --install /usr/bin/lzma lzma /usr/bin/xz 20 --slave /usr/share/man/man1/lzma.1.gz lzma.1.gz /usr/share/man/man1/xz.1.gz --slave /usr/bin/unlzma unlzma /usr/bin/unxz --slave /usr/share/man/man1/unlzma.1.gz unlzma.1.gz /usr/share/man/man1/unxz.1.gz --slave /usr/bin/lzcat lzcat /usr/bin/xzcat --slave /usr/share/man/man1/lzcat.1.gz lzcat.1.gz /usr/share/man/man1/xzcat.1.gz --slave /usr/bin/lzmore lzmore /usr/bin/xzmore --slave /usr/share/man/man1/lzmore.1.gz lzmore.1.gz /usr/share/man/man1/xzmore.1.gz --slave /usr/bin/lzless lzless /usr/bin/xzless --slave /usr/share/man/man1/lzless.1.gz lzless.1.gz /usr/share/man/man1/xzless.1.gz --slave /usr/bin/lzdiff lzdiff /usr/bin/xzdiff --slave /usr/share/man/man1/lzdiff.1.gz lzdiff.1.gz /usr/share/man/man1/xzdiff.1.gz --slave /usr/bin/lzcmp lzcmp /usr/bin/xzcmp --slave /usr/share/man/man1/lzcmp.1.gz lzcmp.1.gz /usr/share/man/man1/xzcmp.1.gz --slave /usr/bin/lzgrep lzgrep /usr/bin/xzgrep --slave /usr/share/man/man1/lzgrep.1.gz lzgrep.1.gz /usr/share/man/man1/xzgrep.1.gz --slave /usr/bin/lzegrep lzegrep /usr/bin/xzegrep --slave /usr/share/man/man1/lzegrep.1.gz lzegrep.1.gz /usr/share/man/man1/xzegrep.1.gz --slave /usr/bin/lzfgrep lzfgrep /usr/bin/xzfgrep --slave /usr/share/man/man1/lzfgrep.1.gz lzfgrep.1.gz /usr/share/man/man1/xzfgrep.1.gz
update-alternatives 2014-10-15 07:57:17: link group lzma updated to point to /usr/bin/xz
update-alternatives 2014-10-15 07:57:17: run with --install /usr/share/man/man7/builtins.7.gz builtins.7.gz /usr/share/man/man7/bash-builtins.7.gz 10
update-alternatives 2014-10-15 07:57:17: link group builtins.7.gz updated to point to /usr/share/man/man7/bash-builtins.7.gz
update-alternatives 2014-10-15 07:57:19: run with --install /usr/bin/pager pager /bin/more 50 --slave /usr/share/man/man1/pager.1.gz pager.1.gz /usr/share/man/man1/more.1.gz
update-alternatives 2014-10-15 07:57:19: link group pager updated to point to /bin/more
update-alternatives 2014-10-15 07:57:19: run with --install /usr/bin/pager pager /usr/bin/pg 10 --slave /usr/share/man/man1/pager.1.gz pager.1.gz /usr/share/man/man1/pg.1.gz
update-alternatives 2014-10-15 07:57:24: run with --install /usr/bin/traceroute traceroute /usr/bin/traceroute.db 100 --slave /usr/sbin/traceroute traceroute.sbin /usr/bin/traceroute.db --slave /usr/share/man/man1/traceroute.1.gz traceroute.1.gz /usr/share/man/man1/traceroute.db.1.gz
update-alternatives 2014-10-15 07:57:24: link group traceroute updated to point to /usr/bin/traceroute.db
update-alternatives 2014-10-15 07:57:24: run with --install /usr/bin/traceroute6 traceroute6 /usr/bin/traceroute6.db 100 --slave /usr/share/man/man1/traceroute6.1.gz traceroute6.1.gz /usr/share/man/man1/traceroute6.db.1.gz
update-alternatives 2014-10-15 07:57:24: link group traceroute6 updated to point to /usr/bin/traceroute6.db
update-alternatives 2014-10-15 07:57:24: run with --install /usr/bin/lft lft /usr/bin/lft.db 100 --slave /usr/share/man/man1/lft.1.gz lft.1.gz /usr/share/man/man1/lft.db.1.gz
update-alternatives 2014-10-15 07:57:24: link group lft updated to point to /usr/bin/lft.db
update-alternatives 2014-10-15 07:57:24: run with --install /usr/bin/traceproto traceproto /usr/bin/traceproto.db 100 --slave /usr/share/man/man1/traceproto.1.gz traceproto.1.gz /usr/share/man/man1/traceproto.db.1.gz
update-alternatives 2014-10-15 07:57:24: link group traceproto updated to point to /usr/bin/traceproto.db
update-alternatives 2014-10-15 07:57:24: run with --install /usr/sbin/tcptraceroute tcptraceroute /usr/sbin/tcptraceroute.db 100 --slave /usr/share/man/man8/tcptraceroute.8.gz tcptraceroute.8.gz /usr/share/man/man8/tcptraceroute.db.8.gz
update-alternatives 2014-10-15 07:57:24: link group tcptraceroute updated to point to /usr/sbin/tcptraceroute.db
update-alternatives 2014-10-15 07:57:24: run with --install /usr/bin/write write /usr/bin/bsd-write 100 --slave /usr/share/man/man1/write.1.gz write.1.gz /usr/share/man/man1/bsd-write.1.gz
update-alternatives 2014-10-15 07:57:24: link group write updated to point to /usr/bin/bsd-write
update-alternatives 2014-10-15 07:57:24: run with --install /usr/bin/from from /usr/bin/bsd-from 10 --slave /usr/share/man/man1/from.1.gz from.1.gz /usr/share/man/man1/bsd-from.1.gz
update-alternatives 2014-10-15 07:57:24: link group from updated to point to /usr/bin/bsd-from
update-alternatives 2014-10-15 07:57:24: run with --install /bin/nc nc /bin/nc.traditional 10 --slave /bin/netcat netcat /bin/nc.traditional --slave /usr/share/man/man1/nc.1.gz nc.1.gz /usr/share/man/man1/nc.traditional.1.gz --slave /usr/share/man/man1/netcat.1.gz netcat.1.gz /usr/share/man/man1/nc.traditional.1.gz
update-alternatives 2014-10-15 07:57:24: link group nc updated to point to /bin/nc.traditional
update-alternatives 2014-10-15 07:57:24: run with --install /usr/bin/infobrowser infobrowser /usr/bin/info 60 --slave /usr/share/man/man1/infobrowser.1.gz infobrowser.1.gz /usr/share/man/man1/info.1.gz
update-alternatives 2014-10-15 07:57:24: link group infobrowser updated to point to /usr/bin/info
update-alternatives 2014-10-15 07:57:24: run with --install /usr/bin/editor editor /bin/nano 40 --slave /usr/share/man/man1/editor.1.gz editor.1.gz /usr/share/man/man1/nano.1.gz
update-alternatives 2014-10-15 07:57:24: link group editor updated to point to /bin/nano
update-alternatives 2014-10-15 07:57:24: run with --install /usr/bin/pico pico /bin/nano 10 --slave /usr/share/man/man1/pico.1.gz pico.1.gz /usr/share/man/man1/nano.1.gz
update-alternatives 2014-10-15 07:57:24: link group pico updated to point to /bin/nano
update-alternatives 2014-10-15 07:57:24: run with --install /bin/mt mt /bin/mt-gnu 10 --slave /usr/share/man/man1/mt.1.gz mt.1.gz /usr/share/man/man1/mt-gnu.1.gz
update-alternatives 2014-10-15 07:57:24: link group mt updated to point to /bin/mt-gnu
update-alternatives 2014-10-15 07:57:24: run with --install /usr/bin/rview rview /usr/bin/vim.tiny 10
update-alternatives 2014-10-15 07:57:24: link group rview updated to point to /usr/bin/vim.tiny
update-alternatives 2014-10-15 07:57:24: run with --install /usr/bin/vi vi /usr/bin/vim.tiny 10 --slave /usr/share/man/fr/man1/vi.1.gz vi.fr.1.gz /usr/share/man/fr/man1/vim.1.gz --slave /usr/share/man/it/man1/vi.1.gz vi.it.1.gz /usr/share/man/it/man1/vim.1.gz --slave /usr/share/man/pl/man1/vi.1.gz vi.pl.1.gz /usr/share/man/pl/man1/vim.1.gz --slave /usr/share/man/ru/man1/vi.1.gz vi.ru.1.gz /usr/share/man/ru/man1/vim.1.gz --slave /usr/share/man/man1/vi.1.gz vi.1.gz /usr/share/man/man1/vim.1.gz
update-alternatives 2014-10-15 07:57:24: link group vi updated to point to /usr/bin/vim.tiny
update-alternatives 2014-10-15 07:57:24: run with --install /usr/bin/view view /usr/bin/vim.tiny 10 --slave /usr/share/man/fr/man1/view.1.gz view.fr.1.gz /usr/share/man/fr/man1/vim.1.gz --slave /usr/share/man/it/man1/view.1.gz view.it.1.gz /usr/share/man/it/man1/vim.1.gz --slave /usr/share/man/pl/man1/view.1.gz view.pl.1.gz /usr/share/man/pl/man1/vim.1.gz --slave /usr/share/man/ru/man1/view.1.gz view.ru.1.gz /usr/share/man/ru/man1/vim.1.gz --slave /usr/share/man/man1/view.1.gz view.1.gz /usr/share/man/man1/vim.1.gz
update-alternatives 2014-10-15 07:57:24: link group view updated to point to /usr/bin/vim.tiny
update-alternatives 2014-10-15 07:57:24: run with --install /usr/bin/ex ex /usr/bin/vim.tiny 10 --slave /usr/share/man/fr/man1/ex.1.gz ex.fr.1.gz /usr/share/man/fr/man1/vim.1.gz --slave /usr/share/man/it/man1/ex.1.gz ex.it.1.gz /usr/share/man/it/man1/vim.1.gz --slave /usr/share/man/pl/man1/ex.1.gz ex.pl.1.gz /usr/share/man/pl/man1/vim.1.gz --slave /usr/share/man/ru/man1/ex.1.gz ex.ru.1.gz /usr/share/man/ru/man1/vim.1.gz --slave /usr/share/man/man1/ex.1.gz ex.1.gz /usr/share/man/man1/vim.1.gz
update-alternatives 2014-10-15 07:57:24: link group ex updated to point to /usr/bin/vim.tiny
update-alternatives 2014-10-15 07:57:25: run with --install /usr/bin/editor editor /usr/bin/vim.tiny 10 --slave /usr/share/man/fr/man1/editor.1.gz editor.fr.1.gz /usr/share/man/fr/man1/vim.1.gz --slave /usr/share/man/it/man1/editor.1.gz editor.it.1.gz /usr/share/man/it/man1/vim.1.gz --slave /usr/share/man/pl/man1/editor.1.gz editor.pl.1.gz /usr/share/man/pl/man1/vim.1.gz --slave /usr/share/man/ru/man1/editor.1.gz editor.ru.1.gz /usr/share/man/ru/man1/vim.1.gz --slave /usr/share/man/man1/editor.1.gz editor.1.gz /usr/share/man/man1/vim.1.gz
update-alternatives 2014-10-15 07:57:25: run with --install /usr/bin/w w /usr/bin/w.procps 50 --slave /usr/share/man/man1/w.1.gz w.1.gz /usr/share/man/man1/w.procps.1.gz
update-alternatives 2014-10-15 07:57:25: link group w updated to point to /usr/bin/w.procps
update-alternatives 2014-10-15 07:57:28: run with --install /usr/bin/aptitude aptitude /usr/bin/aptitude-curses 30 --slave /usr/share/man/man8/aptitude.8.gz aptitude.8.gz /usr/share/man/man8/aptitude-curses.8.gz --slave /usr/share/man/cs/man8/aptitude.8.gz aptitude.cs.8.gz /usr/share/man/cs/man8/aptitude-curses.8.gz --slave /usr/share/man/de/man8/aptitude.8.gz aptitude.de.8.gz /usr/share/man/de/man8/aptitude-curses.8.gz --slave /usr/share/man/es/man8/aptitude.8.gz aptitude.es.8.gz /usr/share/man/es/man8/aptitude-curses.8.gz --slave /usr/share/man/fi/man8/aptitude.8.gz aptitude.fi.8.gz /usr/share/man/fi/man8/aptitude-curses.8.gz --slave /usr/share/man/fr/man8/aptitude.8.gz aptitude.fr.8.gz /usr/share/man/fr/man8/aptitude-curses.8.gz --slave /usr/share/man/gl/man8/aptitude.8.gz aptitude.gl.8.gz /usr/share/man/gl/man8/aptitude-curses.8.gz --slave /usr/share/man/it/man8/aptitude.8.gz aptitude.it.8.gz /usr/share/man/it/man8/aptitude-curses.8.gz --slave /usr/share/man/ja/man8/aptitude.8.gz aptitude.ja.8.gz /usr/share/man/ja/man8/aptitude-curses.8.gz --slave /usr/share/man/pl/man8/aptitude.8.gz aptitude.pl.8.gz /usr/share/man/pl/man8/aptitude-curses.8.gz
update-alternatives 2014-10-15 07:57:28: link group aptitude updated to point to /usr/bin/aptitude-curses
update-alternatives 2014-10-15 04:09:48: run with --remove builtins.7.gz /usr/share/man/man7/bash-builtins.7.gz
update-alternatives 2014-10-15 04:09:48: link group builtins.7.gz fully removed
update-alternatives 2014-10-15 04:09:49: run with --install /usr/share/man/man7/builtins.7.gz builtins.7.gz /usr/share/man/man7/bash-builtins.7.gz 10
update-alternatives 2014-10-15 04:09:49: link group builtins.7.gz updated to point to /usr/share/man/man7/bash-builtins.7.gz
update-alternatives 2014-10-15 04:14:40: run with --install /usr/bin/view view /usr/bin/see 1 --slave /usr/share/man/man1/view.1.gz view.1.gz /usr/share/man/man1/see.1.gz
update-alternatives 2014-10-15 04:14:43: run with --install /usr/bin/mailx mailx /usr/bin/bsd-mailx 50 --slave /usr/bin/mail mail /usr/bin/bsd-mailx --slave /usr/bin/Mail Mail /usr/bin/bsd-mailx --slave /usr/share/man/man1/mailx.1.gz mailx.1.gz /usr/share/man/man1/bsd-mailx.1.gz --slave /usr/share/man/man1/mail.1.gz mail.1.gz /usr/share/man/man1/bsd-mailx.1.gz --slave /usr/share/man/man1/Mail.1.gz Mail.1.gz /usr/share/man/man1/bsd-mailx.1.gz
update-alternatives 2014-10-15 04:14:43: link group mailx updated to point to /usr/bin/bsd-mailx
update-alternatives 2014-10-15 04:14:43: run with --install /usr/bin/ftp ftp /usr/bin/netkit-ftp 100 --slave /usr/share/man/man1/ftp.1.gz ftp.1.gz /usr/share/man/man1/netkit-ftp.1.gz
update-alternatives 2014-10-15 04:14:43: link group ftp updated to point to /usr/bin/netkit-ftp
update-alternatives 2014-10-15 04:14:44: run with --quiet --install /usr/bin/pager pager /bin/less 77 --slave /usr/share/man/man1/pager.1.gz pager.1.gz /usr/share/man/man1/less.1.gz
update-alternatives 2014-10-15 04:14:44: link group pager updated to point to /bin/less
update-alternatives 2014-10-15 04:14:44: run with --quiet --install /usr/bin/pager pager /bin/less 77 --slave /usr/share/man/man1/pager.1.gz pager.1.gz /usr/share/man/man1/less.1.gz
update-alternatives 2014-10-15 04:14:44: run with --install /usr/bin/locate locate /usr/bin/mlocate 80 --slave /usr/share/man/man1/locate.1.gz locate.1.gz /usr/share/man/man1/mlocate.1.gz --slave /usr/bin/updatedb updatedb /usr/bin/updatedb.mlocate
update-alternatives 2014-10-15 04:14:44: link group locate updated to point to /usr/bin/mlocate
update-alternatives 2014-10-15 04:14:44: run with --install /usr/bin/mutt mutt /usr/bin/mutt-org 50
update-alternatives 2014-10-15 04:14:44: link group mutt updated to point to /usr/bin/mutt-org
update-alternatives 2014-10-15 04:14:44: run with --quiet --install /usr/bin/rsh rsh /usr/bin/ssh 20 --slave /usr/share/man/man1/rsh.1.gz rsh.1.gz /usr/share/man/man1/ssh.1.gz
update-alternatives 2014-10-15 04:14:44: link group rsh updated to point to /usr/bin/ssh
update-alternatives 2014-10-15 04:14:44: run with --quiet --install /usr/bin/rlogin rlogin /usr/bin/slogin 20 --slave /usr/share/man/man1/rlogin.1.gz rlogin.1.gz /usr/share/man/man1/slogin.1.gz
update-alternatives 2014-10-15 04:14:44: link group rlogin updated to point to /usr/bin/slogin
update-alternatives 2014-10-15 04:14:44: run with --quiet --install /usr/bin/rcp rcp /usr/bin/scp 20 --slave /usr/share/man/man1/rcp.1.gz rcp.1.gz /usr/share/man/man1/scp.1.gz
update-alternatives 2014-10-15 04:14:44: link group rcp updated to point to /usr/bin/scp
update-alternatives 2014-10-15 04:14:47: run with --install /usr/bin/telnet telnet /usr/bin/telnet.netkit 100 --slave /usr/share/man/man1/telnet.1.gz telnet.1.gz /usr/share/man/man1/telnet.netkit.1.gz
update-alternatives 2014-10-15 04:14:47: link group telnet updated to point to /usr/bin/telnet.netkit
update-alternatives 2014-10-15 04:14:47: run with --quiet --install /usr/bin/pager pager /usr/bin/w3m 25 --slave /usr/share/man/man1/pager.1.gz pager.1.gz /usr/share/man/man1/w3m.1.gz
update-alternatives 2014-10-15 04:14:47: run with --quiet --install /usr/bin/www-browser www-browser /usr/bin/w3m 25 --slave /usr/share/man/man1/www-browser.1.gz www-browser.1.gz /usr/share/man/man1/w3m.1.gz
update-alternatives 2014-10-15 04:14:47: link group www-browser updated to point to /usr/bin/w3m
update-alternatives 2014-10-15 04:14:49: run with --install /usr/share/man/man1/psql.1.gz psql.1.gz /usr/share/postgresql/9.1/man/man1/psql.1.gz 91 --slave /usr/share/man/man7/ABORT.7.gz ABORT.7.gz /usr/share/postgresql/9.1/man/man7/ABORT.7.gz --slave /usr/share/man/man7/ALTER_AGGREGATE.7.gz ALTER_AGGREGATE.7.gz /usr/share/postgresql/9.1/man/man7/ALTER_AGGREGATE.7.gz --slave /usr/share/man/man7/ALTER_COLLATION.7.gz ALTER_COLLATION.7.gz /usr/share/postgresql/9.1/man/man7/ALTER_COLLATION.7.gz --slave /usr/share/man/man7/ALTER_CONVERSION.7.gz ALTER_CONVERSION.7.gz /usr/share/postgresql/9.1/man/man7/ALTER_CONVERSION.7.gz --slave /usr/share/man/man7/ALTER_DATABASE.7.gz ALTER_DATABASE.7.gz /usr/share/postgresql/9.1/man/man7/ALTER_DATABASE.7.gz --slave /usr/share/man/man7/ALTER_DEFAULT_PRIVILEGES.7.gz ALTER_DEFAULT_PRIVILEGES.7.gz /usr/share/postgresql/9.1/man/man7/ALTER_DEFAULT_PRIVILEGES.7.gz --slave /usr/share/man/man7/ALTER_DOMAIN.7.gz ALTER_DOMAIN.7.gz /usr/share/postgresql/9.1/man/man7/ALTER_DOMAIN.7.gz --slave /usr/share/man/man7/ALTER_EXTENSION.7.gz ALTER_EXTENSION.7.gz /usr/share/postgresql/9.1/man/man7/ALTER_EXTENSION.7.gz --slave /usr/share/man/man7/ALTER_FOREIGN_DATA_WRAPPER.7.gz ALTER_FOREIGN_DATA_WRAPPER.7.gz /usr/share/postgresql/9.1/man/man7/ALTER_FOREIGN_DATA_WRAPPER.7.gz --slave /usr/share/man/man7/ALTER_FOREIGN_TABLE.7.gz ALTER_FOREIGN_TABLE.7.gz /usr/share/postgresql/9.1/man/man7/ALTER_FOREIGN_TABLE.7.gz --slave /usr/share/man/man7/ALTER_FUNCTION.7.gz ALTER_FUNCTION.7.gz /usr/share/postgresql/9.1/man/man7/ALTER_FUNCTION.7.gz --slave /usr/share/man/man7/ALTER_GROUP.7.gz ALTER_GROUP.7.gz /usr/share/postgresql/9.1/man/man7/ALTER_GROUP.7.gz --slave /usr/share/man/man7/ALTER_INDEX.7.gz ALTER_INDEX.7.gz /usr/share/postgresql/9.1/man/man7/ALTER_INDEX.7.gz --slave /usr/share/man/man7/ALTER_LANGUAGE.7.gz ALTER_LANGUAGE.7.gz /usr/share/postgresql/9.1/man/man7/ALTER_LANGUAGE.7.gz --slave /usr/share/man/man7/ALTER_LARGE_OBJECT.7.gz ALTER_LARGE_OBJECT.7.gz /usr/share/postgresql/9.1/man/man7/ALTER_LARGE_OBJECT.7.gz --slave /usr/share/man/man7/ALTER_OPERATOR.7.gz
update-alternatives 2014-10-15 04:14:49: link group psql.1.gz updated to point to /usr/share/postgresql/9.1/man/man1/psql.1.gz
update-alternatives 2014-10-15 04:14:52: run with --install /usr/share/man/man1/postmaster.1.gz postmaster.1.gz /usr/share/postgresql/9.1/man/man1/postmaster.1.gz 91 --slave /usr/share/man/man1/postgres.1.gz postgres.1.gz /usr/share/postgresql/9.1/man/man1/postgres.1.gz --slave /usr/share/man/man1/pg_resetxlog.1.gz pg_resetxlog.1.gz /usr/share/postgresql/9.1/man/man1/pg_resetxlog.1.gz --slave /usr/share/man/man1/pg_ctl.1.gz pg_ctl.1.gz /usr/share/postgresql/9.1/man/man1/pg_ctl.1.gz --slave /usr/share/man/man1/pg_controldata.1.gz pg_controldata.1.gz /usr/share/postgresql/9.1/man/man1/pg_controldata.1.gz --slave /usr/share/man/man1/initdb.1.gz initdb.1.gz /usr/share/postgresql/9.1/man/man1/initdb.1.gz
update-alternatives 2014-10-15 04:14:52: link group postmaster.1.gz updated to point to /usr/share/postgresql/9.1/man/man1/postmaster.1.gz
update-alternatives 2014-10-15 04:14:54: run with --install /usr/bin/rename rename /usr/bin/prename 60 --slave /usr/share/man/man1/rename.1.gz rename.1.gz /usr/share/man/man1/prename.1.gz
update-alternatives 2014-10-15 04:14:54: link group rename updated to point to /usr/bin/prename
update-alternatives 2014-10-15 13:23:45: run with --install /usr/bin/b2m b2m /usr/bin/b2m.emacs23 26 --slave /usr/share/man/man1/b2m.1.gz b2m.1.gz /usr/share/man/man1/b2m.emacs23.1.gz
update-alternatives 2014-10-15 13:23:45: link group b2m updated to point to /usr/bin/b2m.emacs23
update-alternatives 2014-10-15 13:23:45: run with --install /usr/bin/ctags ctags /usr/bin/ctags.emacs23 26 --slave /usr/share/man/man1/ctags.1.gz ctags.1.gz /usr/share/man/man1/ctags.emacs23.1.gz
update-alternatives 2014-10-15 13:23:45: link group ctags updated to point to /usr/bin/ctags.emacs23
update-alternatives 2014-10-15 13:23:45: run with --install /usr/bin/ebrowse ebrowse /usr/bin/ebrowse.emacs23 26 --slave /usr/share/man/man1/ebrowse.1.gz ebrowse.1.gz /usr/share/man/man1/ebrowse.emacs23.1.gz
update-alternatives 2014-10-15 13:23:45: link group ebrowse updated to point to /usr/bin/ebrowse.emacs23
update-alternatives 2014-10-15 13:23:45: run with --install /usr/bin/emacsclient emacsclient /usr/bin/emacsclient.emacs23 26 --slave /usr/share/man/man1/emacsclient.1.gz emacsclient.1.gz /usr/share/man/man1/emacsclient.emacs23.1.gz
update-alternatives 2014-10-15 13:23:45: link group emacsclient updated to point to /usr/bin/emacsclient.emacs23
update-alternatives 2014-10-15 13:23:45: run with --install /usr/bin/etags etags /usr/bin/etags.emacs23 26 --slave /usr/share/man/man1/etags.1.gz etags.1.gz /usr/share/man/man1/etags.emacs23.1.gz
update-alternatives 2014-10-15 13:23:45: link group etags updated to point to /usr/bin/etags.emacs23
update-alternatives 2014-10-15 13:23:45: run with --install /usr/bin/grep-changelog grep-changelog /usr/bin/grep-changelog.emacs23 26 --slave /usr/share/man/man1/grep-changelog.1.gz grep-changelog.1.gz /usr/share/man/man1/grep-changelog.emacs23.1.gz
update-alternatives 2014-10-15 13:23:45: link group grep-changelog updated to point to /usr/bin/grep-changelog.emacs23
update-alternatives 2014-10-15 13:23:45: run with --install /usr/bin/rcs-checkin rcs-checkin /usr/bin/rcs-checkin.emacs23 26 --slave /usr/share/man/man1/rcs-checkin.1.gz rcs-checkin.1.gz /usr/share/man/man1/rcs-checkin.emacs23.1.gz
update-alternatives 2014-10-15 13:23:45: link group rcs-checkin updated to point to /usr/bin/rcs-checkin.emacs23
update-alternatives 2014-10-15 13:23:45: run with --install /usr/bin/emacs emacs /usr/bin/emacs23-x 26 --slave /usr/share/man/man1/emacs.1.gz emacs.1.gz /usr/share/man/man1/emacs.emacs23.1.gz --slave /usr/share/icons/hicolor/scalable/apps/emacs.svg emacs.svg /usr/share/icons/hicolor/scalable/apps/emacs23.svg --slave /usr/share/icons/hicolor/scalable/mimetypes/emacs-document.svg emacs-document.svg /usr/share/icons/hicolor/scalable/mimetypes/emacs23-document.svg --slave /usr/share/icons/hicolor/16x16/apps/emacs.png emacs-16x16.png /usr/share/icons/hicolor/16x16/apps/emacs23.png --slave /usr/share/icons/hicolor/24x24/apps/emacs.png emacs-24x24.png /usr/share/icons/hicolor/24x24/apps/emacs23.png --slave /usr/share/icons/hicolor/32x32/apps/emacs.png emacs-32x32.png /usr/share/icons/hicolor/32x32/apps/emacs23.png --slave /usr/share/icons/hicolor/48x48/apps/emacs.png emacs-48x48.png /usr/share/icons/hicolor/48x48/apps/emacs23.png --slave /usr/share/icons/hicolor/128x128/apps/emacs.png emacs-128x128.png /usr/share/icons/hicolor/128x128/apps/emacs23.png
update-alternatives 2014-10-15 13:23:45: link group emacs updated to point to /usr/bin/emacs23-x
update-alternatives 2014-10-15 13:23:45: run with --install /usr/bin/editor editor /usr/bin/emacs23 0 --slave /usr/share/man/man1/editor.1.gz editor.1.gz /usr/share/man/man1/emacs.emacs23.1.gz
update-alternatives 2014-10-15 13:23:45: run with --install /bin/zsh zsh /bin/zsh4 50 --slave /usr/bin/zsh zsh-usrbin /bin/zsh4
update-alternatives 2014-10-15 13:23:45: link group zsh updated to point to /bin/zsh4
update-alternatives 2014-10-15 13:23:45: run with --install /bin/rzsh rzsh /bin/zsh4 50 --slave /usr/share/man/man1/rzsh.1.gz rzsh.1.gz /usr/share/man/man1/zsh.1.gz
update-alternatives 2014-10-15 13:23:45: link group rzsh updated to point to /bin/zsh4
update-alternatives 2014-10-15 13:23:45: run with --install /bin/ksh ksh /bin/zsh4 5 --slave /usr/bin/ksh usr.bin.ksh /bin/zsh4 --slave /usr/share/man/man1/ksh.1.gz ksh.1.gz /usr/share/man/man1/zsh.1.gz
update-alternatives 2014-10-15 13:23:45: link group ksh updated to point to /bin/zsh4
update-alternatives 2014-10-15 13:26:58: run with --install /usr/bin/php php /usr/bin/php5 50 --slave /usr/share/man/man1/php.1.gz php.1.gz /usr/share/man/man1/php5.1.gz
update-alternatives 2014-10-15 13:26:58: link group php updated to point to /usr/bin/php5
